[23/04/2010 14:52:26] /i backpack
[07/05/2010 23:02:43] /a 30
[07/05/2010 23:02:45] /a 30
[07/05/2010 23:02:49] /a 30
[07/05/2010 23:02:51] /a 30
[07/05/2010 23:02:54] /a 30
[07/05/2010 23:02:57] /a 30
[07/05/2010 23:02:59] /a 30
[07/05/2010 23:03:01] /a 30
[07/05/2010 23:03:03] /a 3
[07/05/2010 23:03:45] /t
[07/05/2010 23:04:31] /t
[07/05/2010 23:11:35] /reload config
[15/05/2010 12:00:38] /a 40
[15/05/2010 12:00:40] /a 40
[15/05/2010 12:00:41] /a 40
[15/05/2010 12:02:03] /goto old jumper
[15/05/2010 12:02:17] /goto old jumper
[15/05/2010 12:02:54] /i crystal coin
[15/05/2010 12:03:24] /a 3
[15/05/2010 12:04:45] /t
[15/05/2010 12:08:16] /addskill god raymond,Level
[15/05/2010 12:08:16] /addskill god raymond,Level
[15/05/2010 12:08:16] /addskill god raymond,Level
[15/05/2010 12:08:16] /addskill god raymond,Level
[15/05/2010 12:08:16] /addskill god raymond,Level
[15/05/2010 12:08:16] /addskill god raymond,Level
[15/05/2010 12:08:16] /addskill god raymond,Level
[15/05/2010 12:08:16] /addskill god raymond,Level
[15/05/2010 12:08:16] /addskill god raymond,Level
[15/05/2010 12:08:16] /addskill god raymond,Level
[15/05/2010 12:08:16] /addskill god raymond,Level
[15/05/2010 12:08:17] /addskill god raymond,Level
[15/05/2010 12:08:17] /addskill god raymond,Level
[15/05/2010 12:08:17] /addskill god raymond,Level
[15/05/2010 12:08:17] /addskill god raymond,Level
[15/05/2010 12:08:17] /addskill god raymond,Level
[15/05/2010 12:08:17] /addskill god raymond,Level
[15/05/2010 12:08:17] /addskill god raymond,Level
[15/05/2010 12:08:17] /addskill god raymond,Level
[15/05/2010 12:08:17] /addskill god raymond,Level
[15/05/2010 12:08:17] /addskill god raymond,Level
[15/05/2010 12:08:17] /addskill god raymond,Level
[15/05/2010 12:08:17] /addskill god raymond,Level
[15/05/2010 12:08:17] /addskill god raymond,Level
[15/05/2010 12:08:17] /addskill god raymond,Level
[15/05/2010 12:08:17] /addskill god raymond,Level
[15/05/2010 12:08:17] /addskill god raymond,Level
[15/05/2010 12:08:17] /addskill god raymond,Level
[15/05/2010 12:08:17] /addskill god raymond,Level
[15/05/2010 12:08:17] /addskill god raymond,Level
[15/05/2010 12:08:17] /addskill god raymond,Level
[15/05/2010 12:08:17] /addskill god raymond,Level
[15/05/2010 12:08:17] /addskill god raymond,Level
[15/05/2010 12:08:17] /addskill god raymond,Level
[15/05/2010 12:08:17] /addskill god raymond,Level
[15/05/2010 12:08:17] /addskill god raymond,Level
[15/05/2010 12:08:17] /addskill god raymond,Level
[15/05/2010 12:08:17] /addskill god raymond,Level
[15/05/2010 12:08:17] /addskill god raymond,Level
[15/05/2010 12:08:17] /addskill god raymond,Level
[15/05/2010 12:08:38] /addskill GOD Raymond,level
[15/05/2010 12:08:38] /addskill GOD Raymond,level
[15/05/2010 12:08:39] /addskill GOD Raymond,level
[15/05/2010 12:08:39] /addskill GOD Raymond,level
[15/05/2010 12:08:39] /addskill GOD Raymond,level
[15/05/2010 12:08:39] /addskill GOD Raymond,level
[15/05/2010 12:08:39] /addskill GOD Raymond,level
[15/05/2010 12:08:39] /addskill GOD Raymond,level
[15/05/2010 12:08:39] /addskill GOD Raymond,level
[15/05/2010 12:08:39] /addskill GOD Raymond,level
[15/05/2010 12:08:39] /addskill GOD Raymond,level
[15/05/2010 12:08:40] /addskill GOD Raymond,level
[15/05/2010 12:08:40] /addskill GOD Raymond,level
[15/05/2010 12:08:40] /addskill GOD Raymond,level
[15/05/2010 12:08:40] /addskill GOD Raymond,level
[15/05/2010 12:08:40] /addskill GOD Raymond,level
[15/05/2010 12:08:40] /addskill GOD Raymond,level
[15/05/2010 12:08:40] /addskill GOD Raymond,level
[15/05/2010 12:08:40] /addskill GOD Raymond,level
[15/05/2010 12:08:40] /addskill GOD Raymond,level
[15/05/2010 12:08:40] /addskill GOD Raymond,level
[15/05/2010 12:08:41] /addskill GOD Raymond,level
[15/05/2010 12:08:41] /addskill GOD Raymond,level
[15/05/2010 12:08:41] /addskill GOD Raymond,level
[15/05/2010 12:08:41] /addskill GOD Raymond,level
[15/05/2010 12:08:41] /addskill GOD Raymond,level
[15/05/2010 12:08:41] /addskill GOD Raymond,level
[15/05/2010 12:08:41] /addskill GOD Raymond,level
[15/05/2010 12:08:41] /addskill GOD Raymond,level
[15/05/2010 12:08:41] /addskill GOD Raymond,level
[15/05/2010 12:08:41] /addskill GOD Raymond,level
[15/05/2010 12:08:41] /addskill GOD Raymond,level
[15/05/2010 12:08:42] /addskill GOD Raymond,level
[15/05/2010 12:08:42] /addskill GOD Raymond,level
[15/05/2010 12:08:42] /addskill GOD Raymond,level
[15/05/2010 12:08:42] /addskill GOD Raymond,level
[15/05/2010 12:08:42] /addskill GOD Raymond,level
[15/05/2010 12:08:42] /addskill GOD Raymond,level
[15/05/2010 12:08:42] /addskill GOD Raymond,level
[15/05/2010 12:08:42] /addskill GOD Raymond,level
[15/05/2010 12:08:42] /addskill GOD Raymond,level
[15/05/2010 12:08:42] /addskill GOD Raymond,level
[15/05/2010 12:08:43] /addskill GOD Raymond,level
[15/05/2010 12:08:43] /addskill GOD Raymond,level
[15/05/2010 12:08:43] /addskill GOD Raymond,level
[15/05/2010 12:08:43] /addskill GOD Raymond,level
[15/05/2010 12:08:43] /addskill GOD Raymond,level
[15/05/2010 12:08:43] /addskill GOD Raymond,level
[15/05/2010 12:08:43] /addskill GOD Raymond,level
[15/05/2010 12:08:43] /addskill GOD Raymond,level
[15/05/2010 12:08:43] /addskill GOD Raymond,level
[15/05/2010 12:08:43] /addskill GOD Raymond,level
[15/05/2010 12:08:44] /addskill GOD Raymond,level
[15/05/2010 12:08:44] /addskill GOD Raymond,level
[15/05/2010 12:08:44] /addskill GOD Raymond,level
[15/05/2010 12:08:44] /addskill GOD Raymond,level
[15/05/2010 12:08:44] /addskill GOD Raymond,level
[15/05/2010 12:08:44] /addskill GOD Raymond,level
[15/05/2010 12:08:44] /addskill GOD Raymond,level
[15/05/2010 12:08:44] /addskill GOD Raymond,level
[15/05/2010 12:08:44] /addskill GOD Raymond,level
[15/05/2010 12:08:44] /addskill GOD Raymond,level
[15/05/2010 12:08:45] /addskill GOD Raymond,level
[15/05/2010 12:08:45] /addskill GOD Raymond,level
[15/05/2010 12:08:45] /addskill GOD Raymond,level
[15/05/2010 12:08:45] /addskill GOD Raymond,level
[15/05/2010 12:08:45] /addskill GOD Raymond,level
[15/05/2010 12:08:45] /addskill GOD Raymond,level
[15/05/2010 12:08:45] /addskill GOD Raymond,level
[15/05/2010 12:08:45] /addskill GOD Raymond,level
[15/05/2010 12:08:45] /addskill GOD Raymond,level
[15/05/2010 12:08:45] /addskill GOD Raymond,level
[15/05/2010 12:08:46] /addskill GOD Raymond,level
[15/05/2010 12:08:46] /addskill GOD Raymond,level
[15/05/2010 12:08:46] /addskill GOD Raymond,level
[15/05/2010 12:08:46] /addskill GOD Raymond,level
[15/05/2010 12:08:46] /addskill GOD Raymond,level
[15/05/2010 12:08:46] /addskill GOD Raymond,level
[15/05/2010 12:08:46] /addskill GOD Raymond,level
[15/05/2010 12:08:46] /addskill GOD Raymond,level
[15/05/2010 12:08:46] /addskill GOD Raymond,level
[15/05/2010 12:08:46] /addskill GOD Raymond,level
[15/05/2010 12:08:47] /addskill GOD Raymond,level
[15/05/2010 12:08:47] /addskill GOD Raymond,level
[15/05/2010 12:08:47] /addskill GOD Raymond,level
[15/05/2010 12:08:47] /addskill GOD Raymond,level
[15/05/2010 12:10:14] /attr
[15/05/2010 12:10:16] /attr
[15/07/2010 21:52:26] /i crystal coin
[15/07/2010 21:54:35] /newtype 336
[15/07/2010 21:54:39] /newtype 337
[15/07/2010 21:54:41] /newtype 400
[15/07/2010 21:54:46] /newtype 419
[15/07/2010 21:54:50] /newtype 354
[15/07/2010 21:56:09] /newtype 367
[15/07/2010 21:56:18] /newtype 366
[15/07/2010 21:56:20] /newtype 366
[15/07/2010 21:57:49] /reload xml
[15/07/2010 21:57:55] /reload outfits
[15/07/2010 22:05:33] /i 7590
[15/07/2010 22:14:41] /reload monsters
[15/07/2010 22:14:59] /m draken elite
[15/07/2010 22:19:26] /i expedition backpack
[15/07/2010 22:20:53] /m draken elite
[15/07/2010 22:24:39] /reload actions
[28/07/2010 21:53:31] /i 7590
[28/07/2010 21:55:27] /m draken elite
[28/07/2010 22:07:45] /info GOD Raymond
[28/07/2010 22:16:37] /i 7634
[28/07/2010 22:20:49] /i elite draken mail
[28/07/2010 22:25:15] /goto hellgorak
[28/07/2010 22:29:12] /t
[28/07/2010 22:35:35] /t
[28/07/2010 22:37:15] /t
[28/07/2010 22:40:41] /i 11393
[28/07/2010 22:42:48] /t
[28/07/2010 22:43:18] /m triple medusa
[28/07/2010 22:47:49] /i refinador
[28/07/2010 22:47:55] /i refinador
[28/07/2010 22:48:01] /i refinador
[28/07/2010 22:48:07] /i refinador
[28/07/2010 22:48:10] /i refinador
[28/07/2010 22:48:14] /i refinador
[28/07/2010 22:49:14] /i crystal coin
[28/07/2010 13:39:56] /vip add god raymond 5
[28/07/2010 13:40:00] /vip
[28/07/2010 13:40:09] /vip add 5 god raymond
[28/07/2010 13:40:46] /i draken elite mail
[28/07/2010 13:41:11] /i elite draken helmet
[28/07/2010 13:41:28] /i yalahari mask
[28/07/2010 13:41:51] /i elite draken mail
[28/07/2010 13:42:03] /i elite draken legs
[28/07/2010 13:42:21] /i draken boots
[28/07/2010 13:47:56] /i broken key
[28/07/2010 13:54:56] /i corruption blade
[28/07/2010 13:55:14] /i Royal Scale Robe
[28/07/2010 13:55:37] /i 13003
[28/07/2010 13:57:47] /i 12567
[28/07/2010 13:58:03] /i 12566
[28/07/2010 13:58:11] /i 12570
[28/07/2010 13:58:16] /i 12571
[28/07/2010 13:58:19] /i 12580
[28/07/2010 13:58:25] /i 12590
[28/07/2010 13:58:35] /i 12569
[28/07/2010 13:58:56] /i 12564
[28/07/2010 13:58:59] /i 12570
[28/07/2010 13:59:05] /i 12602
[28/07/2010 13:59:08] /i 12603
[28/07/2010 13:59:13] /i 12604
[28/07/2010 14:04:12] /i 12605
[28/07/2010 14:04:20] /i 12607
[28/07/2010 14:04:24] /i 12608
[28/07/2010 14:10:11] /i old cape
[28/07/2010 14:10:22] /i backpack
[28/07/2010 14:10:31] /i 12609
[28/07/2010 14:10:37] /i 12610
[28/07/2010 14:10:44] /i 12611
[28/07/2010 14:10:46] /i 12612
[28/07/2010 14:10:52] /i 12608
[28/07/2010 14:10:56] /i 12611
[28/07/2010 14:10:58] /i 12612
[28/07/2010 14:10:59] /i 12613
[28/07/2010 14:11:00] /i 12614
[28/07/2010 14:11:05] /i 12615
[28/07/2010 14:11:09] /i 12616
[28/07/2010 14:11:13] /i 12617
[28/07/2010 14:11:14] /i 12618
[28/07/2010 14:11:18] /i 12619
[28/07/2010 14:11:21] /i 12620
[28/07/2010 14:11:23] /i 12621
[28/07/2010 14:11:27] /i 12622
[28/07/2010 14:11:31] /i 12599
[28/07/2010 14:11:34] /i 12598
[28/07/2010 14:11:35] /i 12597
[28/07/2010 14:11:42] /i 12594
[28/07/2010 14:11:45] /i 12595
[28/07/2010 14:11:47] /i 12596
[28/07/2010 14:11:50] /i 12592
[28/07/2010 14:11:51] /i 12591
[28/07/2010 14:11:54] /i 12590
[28/07/2010 14:11:57] /i 12580
[28/07/2010 14:12:00] /i 12581
[28/07/2010 14:12:02] /i 12582
[28/07/2010 14:12:03] /i 12583
[28/07/2010 14:12:06] /i 12570
[28/07/2010 14:12:08] /i 12571
[28/07/2010 14:12:11] /i 12560
[28/07/2010 14:12:14] /i 12561
[28/07/2010 14:12:16] /i 12562
[28/07/2010 14:12:42] /i 12563
[28/07/2010 14:12:54] /i 12550
[28/07/2010 14:12:57] /i 12530
[28/07/2010 14:13:00] /i 12520
[28/07/2010 14:13:03] /i 12510
[28/07/2010 14:13:05] /i 12511
[28/07/2010 14:13:07] /i 12512
[28/07/2010 14:13:10] /i 12513
[28/07/2010 14:13:15] /i 12500
[28/07/2010 14:13:18] /i 12501
[28/07/2010 14:13:20] /i 12502
[28/07/2010 14:13:21] /i 12503
[28/07/2010 14:13:23] /i 12504
[28/07/2010 14:13:28] /i 12400
[28/07/2010 14:13:30] /i 12420
[28/07/2010 14:13:32] /i 12421
[28/07/2010 14:13:36] /i 12421
[28/07/2010 14:13:38] /i 12423
[28/07/2010 14:13:45] /i 12430
[28/07/2010 14:13:47] /i 12434
[28/07/2010 14:13:50] /i 12434
[28/07/2010 14:13:58] /i 12440
[28/07/2010 14:14:02] /i 12450
[28/07/2010 14:14:04] /i 12451
[28/07/2010 14:14:24] /i 12460
[28/07/2010 14:14:28] /i 12461
[28/07/2010 14:14:32] /i 12459
[28/07/2010 14:14:36] /i 12474
[28/07/2010 14:14:39] /i 12474
[28/07/2010 14:14:40] /i 12474
[28/07/2010 14:14:43] /i 12480
[28/07/2010 14:14:46] /i 12496
[28/07/2010 14:17:48] /reload movements
[28/07/2010 14:19:16] /reload movements
[28/07/2010 14:19:36] /info GOD Raymond
[28/07/2010 14:19:41] /info GOD Raymond
[28/07/2010 14:22:21] /reload movements
[28/07/2010 14:26:40] /t
[30/07/2010 11:14:38] /i 12604
[30/07/2010 11:15:05] /i 12602
[30/07/2010 11:15:12] /i 12608
[30/07/2010 11:15:16] /i 12609
[30/07/2010 11:15:21] /i 12610
[30/07/2010 11:15:26] /i 12611
[30/07/2010 11:15:30] /i 12612
[30/07/2010 11:26:16] /info GOD Raymond
[30/07/2010 11:26:24] /info GOD Raymond
[30/07/2010 11:28:57] /m Draken Abomination
[30/07/2010 11:33:59] /reload movements
[30/07/2010 11:34:19] /info GOD Raymond
[30/07/2010 11:36:18] /i Shield of Corruption
[30/07/2010 11:36:24] /i Shield of Corruption
[30/07/2010 11:40:09] /i royal elite draken
[30/07/2010 11:40:29] /i elite draken helmet
[30/07/2010 12:00:25] /reload movements
[30/07/2010 12:02:15] /reload movements
[30/07/2010 12:07:51] /reload movements
[30/07/2010 12:09:50] /i broken key ring
[30/07/2010 12:15:38] /reload movements
[30/07/2010 12:31:07] /i royal draken robe
[30/07/2010 12:31:30] /i Royal Scale Robe
[30/07/2010 12:31:55] /i Royal Scale legs
[30/07/2010 12:32:12] /a 3
[30/07/2010 12:38:51] /i Executioner
[30/07/2010 12:40:30] /i lizard backpack
[30/07/2010 12:41:02] /i 11234
[30/07/2010 12:41:05] /i 11239
[30/07/2010 12:41:08] /i 11238
[30/07/2010 12:41:11] /i 11237
[30/07/2010 12:41:21] /i 112310
[30/07/2010 12:41:29] /a 3
[30/07/2010 12:41:32] /i 11237
[30/07/2010 12:41:36] /i 11239
[30/07/2010 12:41:39] /i 11240
[30/07/2010 12:41:43] /i 11234
[30/07/2010 12:41:45] /i 1123
[30/07/2010 12:41:48] /i 11233
[30/07/2010 12:41:58] /i 11230
[30/07/2010 12:42:00] /i 11231
[30/07/2010 12:42:02] /i 11232
[30/07/2010 12:42:28] /i 11238
[30/07/2010 12:42:32] /i 11241
[30/07/2010 12:42:35] /i 11242
[30/07/2010 12:42:37] /i 11243
[30/07/2010 12:42:40] /i 11244
[30/07/2010 12:42:42] /i 11245
[30/07/2010 12:42:46] /i 11246
[30/07/2010 12:44:46] /i 11256
[30/07/2010 12:44:48] /i 11255
[30/07/2010 12:44:50] /i 11254
[30/07/2010 12:44:51] /i 11253
[30/07/2010 12:44:53] /i 11258
[30/07/2010 12:44:55] /i 11257
[30/07/2010 12:44:57] /i 11259
[30/07/2010 12:45:00] /i 11260
[30/07/2010 12:45:04] /i 11258
[30/07/2010 12:45:08] /i 11254
[30/07/2010 12:45:11] /i 11240
[30/07/2010 12:45:13] /i 11249
[30/07/2010 12:45:15] /i 11248
[30/07/2010 12:47:43] /i 11520
[30/07/2010 12:47:46] /i 11521
[30/07/2010 12:47:49] /i 11522
[30/07/2010 12:47:54] /i 11530
[30/07/2010 12:47:56] /i 11531
[30/07/2010 12:48:00] /i 11559
[30/07/2010 12:48:05] /i 11570
[30/07/2010 12:48:08] /i 11563
[30/07/2010 12:48:14] /i 11562
[30/07/2010 12:48:21] /i 12567
[30/07/2010 12:48:24] /i 12590
[30/07/2010 12:48:27] /i 12571
[30/07/2010 12:48:29] /i 12570
[30/07/2010 12:48:36] /i 12571
[30/07/2010 12:48:38] /i 12572
[30/07/2010 12:48:40] /i 12573
[30/07/2010 12:48:45] /i 12574
[30/07/2010 12:49:53] /i 12575
[30/07/2010 12:49:56] /i 12576
[30/07/2010 12:50:01] /i 12577
[30/07/2010 12:50:09] /i 12570
[30/07/2010 12:50:12] /i 12569
[30/07/2010 12:59:09] /m draken elite
[30/07/2010 13:00:18] /m draken walker
[30/07/2010 13:01:27] /i 12569
[30/07/2010 13:01:30] /i 12568
[30/07/2010 13:01:32] /i 12567
[30/07/2010 13:01:34] /i 12566
[30/07/2010 13:01:37] /i 12565
[30/07/2010 13:01:39] /i 12564
[30/07/2010 13:01:42] /i 12563
[30/07/2010 13:01:44] /i 12562
[30/07/2010 13:01:46] /i 12561
[30/07/2010 13:01:48] /i 12560
[30/07/2010 13:01:50] /i 12559
[30/07/2010 13:01:57] /i 12576
[30/07/2010 13:01:59] /i 12577
[30/07/2010 13:02:01] /i 12578
[30/07/2010 13:02:03] /i 12579
[30/07/2010 13:02:06] /i 12580
[30/07/2010 13:02:08] /i 12581
[30/07/2010 13:02:09] /i 12582
[30/07/2010 13:02:11] /i 12583
[30/07/2010 13:02:12] /i 12584
[30/07/2010 13:02:15] /i 12585
[30/07/2010 13:02:17] /i 12586
[30/07/2010 13:02:19] /i 12587
[30/07/2010 13:02:21] /i 12589
[30/07/2010 13:02:34] /i 12590
[30/07/2010 13:02:36] /i 12591
[30/07/2010 13:02:37] /i 12592
[30/07/2010 13:02:39] /i 12593
[30/07/2010 13:02:40] /i 12594
[30/07/2010 13:02:42] /i 12595
[30/07/2010 13:02:43] /i 12596
[30/07/2010 13:02:46] /i 12597
[30/07/2010 13:02:48] /i 12598
[30/07/2010 13:02:50] /i 12599
[30/07/2010 13:02:53] /i 12600
[30/07/2010 13:02:55] /i 12601
[30/07/2010 13:02:57] /i 12602
[30/07/2010 13:02:59] /i 12603
[30/07/2010 13:03:01] /i 12604
[30/07/2010 13:03:05] /i 12605
[30/07/2010 13:03:07] /i 12606
[30/07/2010 13:03:09] /i 12607
[30/07/2010 13:03:11] /i 12608
[30/07/2010 13:03:12] /i 12609
[30/07/2010 13:03:16] /i 12610
[30/07/2010 13:03:19] /i 12611
[30/07/2010 13:03:22] /i 12612
[30/07/2010 13:03:24] /i 12613
[30/07/2010 13:03:27] /i 12614
[30/07/2010 13:03:30] /i 12615
[30/07/2010 13:03:32] /i 12616
[30/07/2010 13:03:34] /i 12617
[30/07/2010 13:03:35] /i 12618
[30/07/2010 13:03:37] /i 12619
[30/07/2010 13:03:40] /i 12620
[30/07/2010 13:03:43] /i 12621
[30/07/2010 13:03:48] /i 12622
[30/07/2010 13:03:49] /i 12623
[30/07/2010 13:03:51] /i 12624
[30/07/2010 13:08:21] /reload monsters
[30/07/2010 13:08:43] /m draken abomination
[30/07/2010 13:10:55] /m abomination fury
[30/07/2010 13:12:55] /a 10
[30/07/2010 13:12:57] /a 10
[30/07/2010 13:29:11] /m death blob
[30/07/2010 13:29:43] /reload monster
[30/07/2010 13:29:45] /a 3
[30/07/2010 13:29:46] /a 3
[30/07/2010 13:29:47] /a 3
[30/07/2010 13:29:55] /m draken abomination
[30/07/2010 13:35:03] /goto halvar
[30/07/2010 13:35:10] /a 3
[30/07/2010 13:35:12] /a 3
[30/07/2010 13:37:18] /t
[30/07/2010 13:45:07] /info GOD Raymond
[30/07/2010 13:48:58] /i Jewelled
[30/07/2010 13:49:44] /i key ring
[31/07/2010 13:36:16] /m soul leater
[31/07/2010 13:37:04] /i royal draken helmety
[31/07/2010 13:37:53] /i elite draken helmet
[31/07/2010 13:43:20] /i royal draken mail
[31/07/2010 13:45:00] /i ferumbras doll
[31/07/2010 13:45:12] /i 11391
[31/07/2010 13:45:23] /i 11393
[31/07/2010 13:46:31] /i magic crystal
[31/07/2010 13:49:05] /m draken elite
[31/07/2010 15:42:04] /i draken boots
[31/07/2010 15:42:22] /n esrik
[31/07/2010 15:43:12] /i elite draken helmet
[31/07/2010 15:43:31] /i elite draken shield
[31/07/2010 15:43:53] /r
[31/07/2010 15:44:15] /r
[31/07/2010 15:44:17] /r
[31/07/2010 15:46:38] /i great health potion
[31/07/2010 22:20:28] /i ultimate healing rune
[31/07/2010 22:20:33] /i ultimate healing rune
[31/07/2010 22:30:04] /i great health potion
[31/07/2010 22:38:40] /i sudden death rune
[31/07/2010 22:40:49] /i sudden death rune
[31/07/2010 22:40:51] /i sudden death rune
[31/07/2010 22:55:40] /reload npc
[31/07/2010 22:56:59] /clean
[12/07/2011 01:44:03] /goto joony
[12/07/2011 01:44:08] /goto jonny
[12/07/2011 01:44:12] /goto jonny
[12/07/2011 01:46:29] /r
[12/07/2011 01:46:32] /goto jonny
[12/07/2011 01:46:33] /goto jonny
[12/07/2011 01:46:35] /r
[12/07/2011 01:46:41] /r
[12/07/2011 01:46:42] /goto jonny
[12/07/2011 01:46:47] /r
[12/07/2011 01:50:11] /t
[12/07/2011 02:41:09] /up
[12/07/2011 02:41:18] /up
[12/07/2011 02:41:21] /up
[12/07/2011 02:42:27] /goto target
[12/07/2011 03:01:15] /addskill GOD Raymond,magiclevel
[12/07/2011 03:27:20] /goto the incendier
[12/07/2011 03:28:27] /goto the incendier
[12/07/2011 03:28:47] /t
[12/07/2011 03:37:04] /i crystal coin
[17/07/2011 22:45:52] /t
[17/07/2011 22:46:11] /i worn soft boots
[17/07/2011 22:46:17] /i pair of worn soft boots
[17/07/2011 22:48:30] /addskill GOD Raymond,level
[17/07/2011 22:48:31] /addskill GOD Raymond,level
[17/07/2011 22:48:31] /addskill GOD Raymond,level
[17/07/2011 22:48:31] /addskill GOD Raymond,level
[17/07/2011 22:48:31] /addskill GOD Raymond,level
[17/07/2011 22:48:31] /addskill GOD Raymond,level
[17/07/2011 22:48:31] /addskill GOD Raymond,level
[17/07/2011 22:48:31] /addskill GOD Raymond,level
[17/07/2011 22:48:31] /addskill GOD Raymond,level
[17/07/2011 22:48:31] /addskill GOD Raymond,level
[17/07/2011 22:48:32] /addskill GOD Raymond,level
[17/07/2011 22:48:32] /addskill GOD Raymond,level
[17/07/2011 22:48:32] /addskill GOD Raymond,level
[17/07/2011 22:48:32] /addskill GOD Raymond,level
[17/07/2011 22:48:32] /addskill GOD Raymond,level
[17/07/2011 22:48:32] /addskill GOD Raymond,level
[17/07/2011 22:48:32] /addskill GOD Raymond,level
[17/07/2011 22:48:32] /addskill GOD Raymond,level
[17/07/2011 22:48:33] /addskill GOD Raymond,level
[17/07/2011 22:48:33] /addskill GOD Raymond,level
[17/07/2011 22:48:33] /addskill GOD Raymond,level
[17/07/2011 22:48:33] /addskill GOD Raymond,level
[17/07/2011 22:48:33] /addskill GOD Raymond,level
[17/07/2011 22:48:33] /addskill GOD Raymond,level
[17/07/2011 22:48:33] /addskill GOD Raymond,level
[17/07/2011 22:48:34] /addskill GOD Raymond,level
[17/07/2011 22:48:34] /addskill GOD Raymond,level
[17/07/2011 22:48:34] /addskill GOD Raymond,level
[17/07/2011 22:48:34] /addskill GOD Raymond,level
[17/07/2011 22:48:34] /addskill GOD Raymond,level
[17/07/2011 22:48:34] /addskill GOD Raymond,level
[17/07/2011 22:48:34] /addskill GOD Raymond,level
[17/07/2011 22:48:34] /addskill GOD Raymond,level
[17/07/2011 22:48:34] /addskill GOD Raymond,level
[17/07/2011 22:48:35] /addskill GOD Raymond,level
[17/07/2011 22:48:35] /addskill GOD Raymond,level
[17/07/2011 22:48:35] /addskill GOD Raymond,level
[17/07/2011 22:48:35] /addskill GOD Raymond,level
[17/07/2011 22:48:35] /addskill GOD Raymond,level
[17/07/2011 22:48:35] /addskill GOD Raymond,level
[17/07/2011 22:48:35] /addskill GOD Raymond,level
[17/07/2011 22:48:35] /addskill GOD Raymond,level
[17/07/2011 22:48:35] /addskill GOD Raymond,level
[17/07/2011 22:48:35] /addskill GOD Raymond,level
[17/07/2011 22:48:36] /addskill GOD Raymond,level
[17/07/2011 22:48:36] /addskill GOD Raymond,level
[17/07/2011 22:48:36] /addskill GOD Raymond,level
[17/07/2011 22:48:36] /addskill GOD Raymond,level
[17/07/2011 22:48:36] /addskill GOD Raymond,level
[17/07/2011 22:48:36] /addskill GOD Raymond,level
[17/07/2011 22:48:37] /addskill GOD Raymond,level
[17/07/2011 22:48:37] /addskill GOD Raymond,level
[17/07/2011 22:48:37] /addskill GOD Raymond,level
[17/07/2011 22:48:37] /addskill GOD Raymond,level
[17/07/2011 22:48:37] /addskill GOD Raymond,level
[17/07/2011 22:48:37] /addskill GOD Raymond,level
[17/07/2011 22:48:37] /addskill GOD Raymond,level
[17/07/2011 22:48:37] /addskill GOD Raymond,level
[17/07/2011 22:48:37] /addskill GOD Raymond,level
[17/07/2011 22:48:38] /addskill GOD Raymond,level
[17/07/2011 22:48:38] /addskill GOD Raymond,level
[17/07/2011 22:48:38] /addskill GOD Raymond,level
[17/07/2011 22:48:38] /addskill GOD Raymond,level
[17/07/2011 22:48:38] /addskill GOD Raymond,level
[17/07/2011 22:48:38] /addskill GOD Raymond,level
[17/07/2011 22:48:38] /addskill GOD Raymond,level
[17/07/2011 22:48:38] /addskill GOD Raymond,level
[17/07/2011 22:48:38] /addskill GOD Raymond,level
[17/07/2011 22:48:39] /addskill GOD Raymond,level
[17/07/2011 22:48:39] /addskill GOD Raymond,level
[17/07/2011 22:48:39] /addskill GOD Raymond,level
[17/07/2011 22:48:39] /addskill GOD Raymond,level
[17/07/2011 22:48:39] /addskill GOD Raymond,level
[17/07/2011 22:48:39] /addskill GOD Raymond,level
[17/07/2011 22:48:39] /addskill GOD Raymond,level
[17/07/2011 22:48:39] /addskill GOD Raymond,level
[17/07/2011 22:48:39] /addskill GOD Raymond,level
[17/07/2011 22:48:39] /addskill GOD Raymond,level
[17/07/2011 22:48:40] /addskill GOD Raymond,level
[17/07/2011 22:48:40] /addskill GOD Raymond,level
[17/07/2011 22:48:40] /addskill GOD Raymond,level
[17/07/2011 22:48:40] /addskill GOD Raymond,level
[17/07/2011 22:48:40] /addskill GOD Raymond,level
[17/07/2011 22:48:40] /addskill GOD Raymond,level
[17/07/2011 22:48:40] /addskill GOD Raymond,level
[17/07/2011 22:48:40] /addskill GOD Raymond,level
[17/07/2011 22:48:40] /addskill GOD Raymond,level
[17/07/2011 22:48:41] /addskill GOD Raymond,level
[17/07/2011 22:48:41] /addskill GOD Raymond,level
[17/07/2011 22:48:41] /addskill GOD Raymond,level
[17/07/2011 22:48:41] /addskill GOD Raymond,level
[17/07/2011 22:48:41] /addskill GOD Raymond,level
[17/07/2011 22:48:41] /addskill GOD Raymond,level
[17/07/2011 22:48:41] /addskill GOD Raymond,level
[17/07/2011 22:48:41] /addskill GOD Raymond,level
[17/07/2011 22:48:41] /addskill GOD Raymond,level
[17/07/2011 22:48:41] /addskill GOD Raymond,level
[17/07/2011 22:48:42] /addskill GOD Raymond,level
[17/07/2011 22:48:42] /addskill GOD Raymond,level
[17/07/2011 22:48:42] /addskill GOD Raymond,level
[17/07/2011 22:48:42] /addskill GOD Raymond,level
[17/07/2011 22:48:42] /addskill GOD Raymond,level
[17/07/2011 22:48:42] /addskill GOD Raymond,level
[17/07/2011 22:48:42] /addskill GOD Raymond,level
[17/07/2011 22:48:42] /addskill GOD Raymond,level
[17/07/2011 22:48:42] /addskill GOD Raymond,level
[17/07/2011 22:48:43] /addskill GOD Raymond,level
[17/07/2011 22:48:43] /addskill GOD Raymond,level
[17/07/2011 22:48:43] /addskill GOD Raymond,level
[17/07/2011 22:48:43] /addskill GOD Raymond,level
[17/07/2011 22:48:43] /addskill GOD Raymond,level
[17/07/2011 22:48:43] /addskill GOD Raymond,level
[17/07/2011 22:48:43] /addskill GOD Raymond,level
[17/07/2011 22:48:43] /addskill GOD Raymond,level
[17/07/2011 22:48:43] /addskill GOD Raymond,level
[17/07/2011 22:48:44] /addskill GOD Raymond,level
[17/07/2011 22:48:44] /addskill GOD Raymond,level
[17/07/2011 22:48:44] /addskill GOD Raymond,level
[17/07/2011 22:48:44] /addskill GOD Raymond,level
[17/07/2011 22:48:44] /addskill GOD Raymond,level
[17/07/2011 22:48:44] /addskill GOD Raymond,level
[17/07/2011 22:48:44] /addskill GOD Raymond,level
[17/07/2011 22:48:44] /addskill GOD Raymond,level
[17/07/2011 22:48:44] /addskill GOD Raymond,level
[17/07/2011 22:48:44] /addskill GOD Raymond,level
[17/07/2011 22:48:45] /addskill GOD Raymond,level
[17/07/2011 22:48:45] /addskill GOD Raymond,level
[17/07/2011 22:48:45] /addskill GOD Raymond,level
[17/07/2011 22:48:45] /addskill GOD Raymond,level
[17/07/2011 22:48:45] /addskill GOD Raymond,level
[17/07/2011 22:48:45] /addskill GOD Raymond,level
[17/07/2011 22:48:45] /addskill GOD Raymond,level
[17/07/2011 22:48:45] /addskill GOD Raymond,level
[17/07/2011 22:48:45] /addskill GOD Raymond,level
[17/07/2011 22:48:46] /addskill GOD Raymond,level
[17/07/2011 22:48:46] /addskill GOD Raymond,level
[17/07/2011 22:48:46] /addskill GOD Raymond,level
[17/07/2011 22:48:46] /addskill GOD Raymond,level
[17/07/2011 22:48:46] /addskill GOD Raymond,level
[17/07/2011 22:48:46] /addskill GOD Raymond,level
[17/07/2011 22:48:46] /addskill GOD Raymond,level
[17/07/2011 22:48:47] /addskill GOD Raymond,level
[17/07/2011 22:48:47] /addskill GOD Raymond,level
[17/07/2011 22:48:47] /addskill GOD Raymond,level
[17/07/2011 22:48:47] /addskill GOD Raymond,level
[17/07/2011 22:48:47] /addskill GOD Raymond,level
[17/07/2011 22:48:47] /addskill GOD Raymond,level
[17/07/2011 22:48:47] /addskill GOD Raymond,level
[17/07/2011 22:48:47] /addskill GOD Raymond,level
[17/07/2011 22:48:47] /addskill GOD Raymond,level
[17/07/2011 22:48:48] /addskill GOD Raymond,level
[17/07/2011 22:48:48] /addskill GOD Raymond,level
[17/07/2011 22:48:48] /addskill GOD Raymond,level
[17/07/2011 22:48:48] /addskill GOD Raymond,level
[17/07/2011 22:48:48] /addskill GOD Raymond,level
[17/07/2011 22:48:48] /addskill GOD Raymond,level
[17/07/2011 22:48:48] /addskill GOD Raymond,level
[17/07/2011 22:48:48] /addskill GOD Raymond,level
[17/07/2011 22:48:48] /addskill GOD Raymond,level
[17/07/2011 22:48:48] /addskill GOD Raymond,level
[17/07/2011 22:48:49] /addskill GOD Raymond,level
[17/07/2011 22:48:49] /addskill GOD Raymond,level
[17/07/2011 22:48:49] /addskill GOD Raymond,level
[17/07/2011 22:48:49] /addskill GOD Raymond,level
[17/07/2011 22:48:49] /addskill GOD Raymond,level
[17/07/2011 22:48:49] /addskill GOD Raymond,level
[17/07/2011 22:48:49] /addskill GOD Raymond,level
[17/07/2011 22:48:49] /addskill GOD Raymond,level
[17/07/2011 22:48:49] /addskill GOD Raymond,level
[17/07/2011 22:48:50] /addskill GOD Raymond,level
[17/07/2011 22:48:50] /addskill GOD Raymond,level
[17/07/2011 22:48:50] /addskill GOD Raymond,level
[17/07/2011 22:48:50] /addskill GOD Raymond,level
[17/07/2011 22:48:50] /addskill GOD Raymond,level
[17/07/2011 22:48:50] /addskill GOD Raymond,level
[17/07/2011 22:48:50] /addskill GOD Raymond,level
[17/07/2011 22:48:50] /addskill GOD Raymond,level
[17/07/2011 22:48:50] /addskill GOD Raymond,level
[17/07/2011 22:48:51] /addskill GOD Raymond,level
[17/07/2011 22:48:51] /addskill GOD Raymond,level
[17/07/2011 22:48:51] /addskill GOD Raymond,level
[17/07/2011 22:48:51] /addskill GOD Raymond,level
[17/07/2011 22:48:51] /addskill GOD Raymond,level
[17/07/2011 22:48:51] /addskill GOD Raymond,level
[17/07/2011 22:48:51] /addskill GOD Raymond,level
[17/07/2011 22:48:51] /addskill GOD Raymond,level
[17/07/2011 22:48:51] /addskill GOD Raymond,level
[17/07/2011 22:48:52] /addskill GOD Raymond,level
[17/07/2011 22:48:52] /addskill GOD Raymond,level
[17/07/2011 22:48:52] /addskill GOD Raymond,level
[17/07/2011 22:48:52] /addskill GOD Raymond,level
[17/07/2011 22:48:52] /addskill GOD Raymond,level
[17/07/2011 22:48:52] /addskill GOD Raymond,level
[17/07/2011 22:48:52] /addskill GOD Raymond,level
[17/07/2011 22:48:52] /addskill GOD Raymond,level
[17/07/2011 22:48:52] /addskill GOD Raymond,level
[17/07/2011 22:48:53] /addskill GOD Raymond,level
[17/07/2011 22:48:53] /addskill GOD Raymond,level
[17/07/2011 22:48:53] /addskill GOD Raymond,level
[17/07/2011 22:48:53] /addskill GOD Raymond,level
[17/07/2011 22:48:53] /addskill GOD Raymond,level
[17/07/2011 22:48:53] /addskill GOD Raymond,level
[17/07/2011 22:48:53] /addskill GOD Raymond,level
[17/07/2011 22:48:53] /addskill GOD Raymond,level
[17/07/2011 22:48:53] /addskill GOD Raymond,level
[17/07/2011 22:48:54] /addskill GOD Raymond,level
[17/07/2011 22:48:54] /addskill GOD Raymond,level
[17/07/2011 22:52:05] /i cristalcoin
[17/07/2011 22:52:08] /i cristal coin
[17/07/2011 22:52:14] /i crystal coin
[17/07/2011 22:52:55] /t
[17/07/2011 22:58:10] /t
[17/01/2012 00:57:15] /t
[17/01/2012 00:59:43] /t
[17/01/2012 00:59:50] /a 3
[17/01/2012 00:59:55] /t
[17/01/2012 01:00:02] /t
[17/01/2012 01:00:09] /t
[17/01/2012 01:00:16] /t
[17/01/2012 01:00:25] /t
[17/01/2012 01:00:32] /t
[17/01/2012 01:00:40] /t
[17/01/2012 01:00:58] /t
[17/01/2012 01:01:16] /t
[17/01/2012 01:01:26] /t
[17/01/2012 01:01:55] /t
[17/01/2012 01:02:01] /t
[17/01/2012 01:02:07] /t
[17/01/2012 01:02:21] /t
[17/01/2012 01:02:50] /t
[17/01/2012 01:03:21] /i shovel
[17/01/2012 01:04:10] /t
[17/01/2012 01:04:26] /t
[17/01/2012 01:04:54] /goto massacre
[17/01/2012 01:05:06] /a 6
[17/01/2012 01:05:07] /a 6
[17/01/2012 01:05:10] /a 3
[17/01/2012 01:05:43] /t
[17/01/2012 01:43:54] /reload npc
[17/01/2012 01:44:48] /t
[17/01/2012 01:44:55] /a 3
[17/01/2012 01:45:38] /t
[17/01/2012 01:53:22] /vip add 5 god raymond
[17/01/2012 01:53:34] /vip add 5 god raymond
[17/01/2012 02:07:01] /i sniper gloves
[17/01/2012 02:07:26] /i crystal coin
[17/01/2012 02:08:02] /i vampire crest
[17/01/2012 02:08:13] /i vampiric crest
[17/01/2012 02:25:57] /t
[17/01/2012 02:27:12] /addskill god raymond,magic
[17/01/2012 02:27:14] /addskill god raymond,magic
[17/01/2012 02:27:14] /addskill god raymond,magic
[17/01/2012 02:27:15] /addskill god raymond,magic
[17/01/2012 02:27:15] /addskill god raymond,magic
[17/01/2012 02:27:15] /addskill god raymond,magic
[17/01/2012 02:27:16] /addskill god raymond,magic
[17/01/2012 02:27:16] /addskill god raymond,magic
[17/01/2012 02:27:17] /addskill god raymond,magic
[17/01/2012 02:27:17] /addskill god raymond,magic
[17/01/2012 02:27:18] /addskill god raymond,magic
[17/01/2012 02:27:18] /addskill god raymond,magic
[17/01/2012 02:27:18] /addskill god raymond,magic
[17/01/2012 02:27:19] /addskill god raymond,magic
