[11/2/2016 11:7:33] /reload creaturescripts
[11/2/2016 11:9:28] /reload creaturescripts
[11/2/2016 11:9:43] /reload actions
[11/2/2016 11:9:59] /reload globalevents
[11/2/2016 11:10:10] /reload monsters
[11/2/2016 11:10:20] /reload movements
[11/2/2016 11:10:36] /reload npcs
[11/2/2016 11:10:49] /reload talkactions
[11/2/2016 11:14:32] /i 6252
[11/2/2016 11:15:0] /i 1212
[11/2/2016 11:15:1] /t
[11/2/2016 11:15:3] /i 1212
[11/2/2016 11:15:33] /r
[11/2/2016 11:15:45] /i 1213
[11/2/2016 11:18:0] /reload actions
[11/2/2016 11:19:55] /i 2070
[11/2/2016 11:21:3] /reload actions
[11/2/2016 11:21:45] /reload actions
[11/2/2016 11:24:8] /i 1213
[11/2/2016 11:26:40] /i 1213
[11/2/2016 11:27:35] /i 6198
[11/2/2016 11:28:1] /i 1209
[11/2/2016 11:28:8] /i 1211
[11/2/2016 11:31:12] /reload actions
[11/2/2016 11:32:29] /i 1212
[11/2/2016 15:50:58] /i 1213
[11/2/2016 16:3:10] /reload spells
[11/2/2016 16:13:39] /reload npcs
[11/2/2016 16:13:42] /n addoner
[11/2/2016 16:14:1] /n Addoner
[11/2/2016 16:16:54] /n varkhla
[11/2/2016 16:16:56] /n addoner
[11/2/2016 16:20:44] /n varkhal
[11/2/2016 16:20:48] /s varkhal
[11/2/2016 16:20:56] /n riona
